[2026-04-16 23:48:54] [INFO] 开始群聊响应检查
[2026-04-16 23:48:54] [INFO] 这是群聊消息
[2026-04-16 23:48:54] [INFO] 消息发送者: 钟洋
[2026-04-16 23:48:54] [INFO] 消息中包含@我的标识
[2026-04-16 23:48:54] [INFO] 所有检查通过，允许响应
[2026-04-16 23:48:54] [INFO] 开始群聊响应检查
[2026-04-16 23:48:54] [INFO] 这是群聊消息
[2026-04-16 23:48:54] [INFO] 消息发送者: 钟征
[2026-04-16 23:48:54] [WARN] 消息中未找到@我的标识
[2026-04-16 23:48:54] [ERROR] 检查失败：消息没有@我
[2026-04-16 23:48:54] [INFO] 开始群聊响应检查
[2026-04-16 23:48:54] [INFO] 这是群聊消息
[2026-04-16 23:48:54] [INFO] 消息发送者: 爱华
[2026-04-16 23:48:54] [WARN] 消息中未找到@我的标识
[2026-04-16 23:48:54] [ERROR] 检查失败：消息没有@我
[2026-04-16 23:48:54] [INFO] 开始群聊响应检查
[2026-04-16 23:48:54] [INFO] 这是私聊消息，直接允许
[2026-04-16 23:48:54] [INFO] 消息发送者: 钟洋
[2026-04-16 23:48:54] [WARN] 消息中未找到@我的标识
[2026-04-16 23:48:54] [ERROR] 检查失败：消息没有@我
